  Compiling CUDA source file lbm.cu...
  Skipping CUDA source file temps.cu (excluded from build).
  
  D:\0\Projects\lattice boltzmann\lbm>"C:\Program Files\NVIDIA GPU Computing Toolkit\CUDA\v8.0\bin\nvcc.exe" -gencode=arch=compute_20,code=\"sm_20,compute_20\" -gencode=arch=compute_30,code=\"sm_30,compute_30\" -gencode=arch=compute_35,code=\"sm_35,compute_35\" -gencode=arch=compute_37,code=\"sm_37,compute_37\" -gencode=arch=compute_50,code=\"sm_50,compute_50\" -gencode=arch=compute_52,code=\"sm_52,compute_52\" -gencode=arch=compute_60,code=\"sm_60,compute_60\" --use-local-env --cl-version 2015 -ccbin "C:\Program Files (x86)\Microsoft Visual Studio 14.0\VC\bin\x86_amd64"  -I./ -Idependencies/common/inc -I./ -I"C:\Program Files\NVIDIA GPU Computing Toolkit\CUDA\v8.0\/include" -I../../common/inc -I"C:\Program Files\NVIDIA GPU Computing Toolkit\CUDA\v8.0\include"  -G   --keep-dir x64\Debug -maxrregcount=0  --machine 64 --compile -cudart static -Xcompiler "/wd 4819" -g   -DWIN32 -DWIN32 -D_MBCS -D_MBCS -Xcompiler "/EHsc /W3 /nologo /Od /FS /Zi /RTC1 /MTd " -o x64/Debug/lbm.cu.obj "D:\0\Projects\lattice boltzmann\lbm\lbm.cu" 
D:/0/Projects/lattice boltzmann/lbm/lbm.cu(614): warning : variable "W" was declared but never referenced
D:/0/Projects/lattice boltzmann/lbm/lbm.cu(615): warning : variable "H" was declared but never referenced
D:/0/Projects/lattice boltzmann/lbm/lbm.cu(614): warning : variable "W" was declared but never referenced
D:/0/Projects/lattice boltzmann/lbm/lbm.cu(615): warning : variable "H" was declared but never referenced
D:/0/Projects/lattice boltzmann/lbm/lbm.cu(614): warning : variable "W" was declared but never referenced
D:/0/Projects/lattice boltzmann/lbm/lbm.cu(615): warning : variable "H" was declared but never referenced
D:/0/Projects/lattice boltzmann/lbm/lbm.cu(614): warning : variable "W" was declared but never referenced
D:/0/Projects/lattice boltzmann/lbm/lbm.cu(615): warning : variable "H" was declared but never referenced
D:/0/Projects/lattice boltzmann/lbm/lbm.cu(614): warning : variable "W" was declared but never referenced
D:/0/Projects/lattice boltzmann/lbm/lbm.cu(615): warning : variable "H" was declared but never referenced
D:/0/Projects/lattice boltzmann/lbm/lbm.cu(614): warning : variable "W" was declared but never referenced
D:/0/Projects/lattice boltzmann/lbm/lbm.cu(615): warning : variable "H" was declared but never referenced
D:/0/Projects/lattice boltzmann/lbm/lbm.cu(614): warning : variable "W" was declared but never referenced
D:/0/Projects/lattice boltzmann/lbm/lbm.cu(615): warning : variable "H" was declared but never referenced
D:/0/Projects/lattice boltzmann/lbm/lbm.cu(614): warning : variable "W" was declared but never referenced
D:/0/Projects/lattice boltzmann/lbm/lbm.cu(615): warning : variable "H" was declared but never referenced
CUDACOMPILE : nvcc warning : The 'compute_20', 'sm_20', and 'sm_21' architectures are deprecated, and may be removed in a future release (Use -Wno-deprecated-gpu-targets to suppress warning).
  lbm.cu
D:/0/Projects/lattice boltzmann/lbm/lbm.cu(136): warning C4305: '=': truncation from 'double' to 'float'
D:/0/Projects/lattice boltzmann/lbm/lbm.cu(138): warning C4305: '=': truncation from 'double' to 'float'
D:/0/Projects/lattice boltzmann/lbm/lbm.cu(588): warning C4305: '=': truncation from 'double' to 'float'
D:/0/Projects/lattice boltzmann/lbm/lbm.cu(589): warning C4305: '=': truncation from 'double' to 'float'
D:/0/Projects/lattice boltzmann/lbm/lbm.cu(590): warning C4305: '=': truncation from 'double' to 'float'
D:/0/Projects/lattice boltzmann/lbm/lbm.cu(591): warning C4305: '=': truncation from 'double' to 'float'
D:/0/Projects/lattice boltzmann/lbm/lbm.cu(592): warning C4305: '=': truncation from 'double' to 'float'
D:/0/Projects/lattice boltzmann/lbm/lbm.cu(593): warning C4305: '=': truncation from 'double' to 'float'
D:/0/Projects/lattice boltzmann/lbm/lbm.cu(594): warning C4305: '=': truncation from 'double' to 'float'
D:/0/Projects/lattice boltzmann/lbm/lbm.cu(595): warning C4305: '=': truncation from 'double' to 'float'
D:/0/Projects/lattice boltzmann/lbm/lbm.cu(596): warning C4305: '=': truncation from 'double' to 'float'
D:/0/Projects/lattice boltzmann/lbm/lbm.cu(636): warning C4018: '<': signed/unsigned mismatch
D:/0/Projects/lattice boltzmann/lbm/lbm.cu(638): warning C4018: '<': signed/unsigned mismatch
D:/0/Projects/lattice boltzmann/lbm/lbm.cu(641): warning C4244: '=': conversion from 'double' to 'float', possible loss of data
D:/0/Projects/lattice boltzmann/lbm/lbm.cu(644): warning C4244: '=': conversion from 'double' to 'float', possible loss of data
D:/0/Projects/lattice boltzmann/lbm/lbm.cu(645): warning C4244: '=': conversion from 'double' to 'float', possible loss of data
D:/0/Projects/lattice boltzmann/lbm/lbm.cu(738): warning C4018: '<': signed/unsigned mismatch
D:/0/Projects/lattice boltzmann/lbm/lbm.cu(740): warning C4018: '<': signed/unsigned mismatch
D:/0/Projects/lattice boltzmann/lbm/lbm.cu(749): warning C4018: '<': signed/unsigned mismatch
D:/0/Projects/lattice boltzmann/lbm/lbm.cu(758): warning C4018: '<': signed/unsigned mismatch
D:/0/Projects/lattice boltzmann/lbm/lbm.cu(761): warning C4018: '<': signed/unsigned mismatch
D:/0/Projects/lattice boltzmann/lbm/lbm.cu(851): warning C4305: '=': truncation from 'double' to 'float'
D:/0/Projects/lattice boltzmann/lbm/lbm.cu(852): warning C4305: '=': truncation from 'double' to 'float'
D:/0/Projects/lattice boltzmann/lbm/lbm.cu(853): warning C4305: '=': truncation from 'double' to 'float'
D:/0/Projects/lattice boltzmann/lbm/lbm.cu(854): warning C4305: '=': truncation from 'double' to 'float'
D:/0/Projects/lattice boltzmann/lbm/lbm.cu(855): warning C4305: '=': truncation from 'double' to 'float'
D:/0/Projects/lattice boltzmann/lbm/lbm.cu(856): warning C4305: '=': truncation from 'double' to 'float'
D:/0/Projects/lattice boltzmann/lbm/lbm.cu(857): warning C4305: '=': truncation from 'double' to 'float'
D:/0/Projects/lattice boltzmann/lbm/lbm.cu(858): warning C4305: '=': truncation from 'double' to 'float'
D:/0/Projects/lattice boltzmann/lbm/lbm.cu(859): warning C4305: '=': truncation from 'double' to 'float'
D:/0/Projects/lattice boltzmann/lbm/lbm.cu(860): warning C4305: '=': truncation from 'double' to 'float'
D:/0/Projects/lattice boltzmann/lbm/lbm.cu(870): warning C4305: '=': truncation from 'double' to 'float'
D:/0/Projects/lattice boltzmann/lbm/lbm.cu(871): warning C4305: '=': truncation from 'double' to 'float'
D:/0/Projects/lattice boltzmann/lbm/lbm.cu(872): warning C4305: '=': truncation from 'double' to 'float'
D:/0/Projects/lattice boltzmann/lbm/lbm.cu(873): warning C4305: '=': truncation from 'double' to 'float'
D:/0/Projects/lattice boltzmann/lbm/lbm.cu(874): warning C4305: '=': truncation from 'double' to 'float'
D:/0/Projects/lattice boltzmann/lbm/lbm.cu(875): warning C4305: '=': truncation from 'double' to 'float'
D:/0/Projects/lattice boltzmann/lbm/lbm.cu(876): warning C4305: '=': truncation from 'double' to 'float'
D:/0/Projects/lattice boltzmann/lbm/lbm.cu(877): warning C4305: '=': truncation from 'double' to 'float'
D:/0/Projects/lattice boltzmann/lbm/lbm.cu(878): warning C4305: '=': truncation from 'double' to 'float'
D:/0/Projects/lattice boltzmann/lbm/lbm.cu(879): warning C4305: '=': truncation from 'double' to 'float'
D:/0/Projects/lattice boltzmann/lbm/lbm.cu(926): warning C4018: '>=': signed/unsigned mismatch
D:/0/Projects/lattice boltzmann/lbm/lbm.cu(939): warning C4018: '>=': signed/unsigned mismatch
D:/0/Projects/lattice boltzmann/lbm/lbm.cu(956): warning C4018: '>=': signed/unsigned mismatch
D:/0/Projects/lattice boltzmann/lbm/lbm.cu(970): warning C4018: '>=': signed/unsigned mismatch
D:/0/Projects/lattice boltzmann/lbm/lbm.cu(1053): warning C4018: '<': signed/unsigned mismatch
D:/0/Projects/lattice boltzmann/lbm/lbm.cu(1069): warning C4244: 'argument': conversion from 'unsigned int' to 'GLfloat', possible loss of data
D:/0/Projects/lattice boltzmann/lbm/lbm.cu(1070): warning C4244: 'argument': conversion from 'unsigned int' to 'GLfloat', possible loss of data
D:/0/Projects/lattice boltzmann/lbm/lbm.cu(1071): warning C4244: 'argument': conversion from 'unsigned int' to 'GLfloat', possible loss of data
D:/0/Projects/lattice boltzmann/lbm/lbm.cu(1098): warning C4244: '=': conversion from 'unsigned long' to 'float', possible loss of data
D:/0/Projects/lattice boltzmann/lbm/lbm.cu(1109): warning C4244: '=': conversion from 'double' to 'float', possible loss of data
D:/0/Projects/lattice boltzmann/lbm/lbm.cu(1111): warning C4244: 'argument': conversion from 'float' to 'int', possible loss of data
  lbm-templated.vcxproj -> D:\0\Projects\lattice boltzmann\lbm\bin/win64/Debug/lbm.exe
  lbm-templated.vcxproj -> D:\0\Projects\lattice boltzmann\lbm\bin/win64/Debug/lbm.pdb (Full PDB)
