d:\0\projects\lattice boltzmann\lbm\x64\debug\vc140.pdb
d:\0\projects\lattice boltzmann\lbm\x64\debug\vc140.idb
d:\0\projects\lattice boltzmann\lbm\x64\debug\main.obj
d:\0\projects\lattice boltzmann\lbm\x64\debug\source.obj
d:\0\projects\lattice boltzmann\lbm\x64\debug\interactions.obj
d:\0\projects\lattice boltzmann\lbm\bin\win64\debug\lbm.lib
d:\0\projects\lattice boltzmann\lbm\bin\win64\debug\lbm.exp
d:\0\projects\lattice boltzmann\lbm\x64\debug\lbm.cu.cache
d:\0\projects\lattice boltzmann\lbm\x64\debug\lbm.cuh.cache
d:\0\projects\lattice boltzmann\lbm\x64\debug\lbm2.cu.cache
d:\0\projects\lattice boltzmann\lbm\x64\debug\lbm_kernel.cu.cache
d:\0\projects\lattice boltzmann\lbm\x64\debug\lbm.cu.obj
d:\0\projects\lattice boltzmann\lbm\x64\debug\lbm2.cu.obj
d:\0\projects\lattice boltzmann\lbm\bin/win64/debug/lbm.pdb
d:\0\projects\lattice boltzmann\lbm\x64\debug\lbm.tlog\cl.command.1.tlog
d:\0\projects\lattice boltzmann\lbm\x64\debug\lbm.tlog\cl.read.1.tlog
d:\0\projects\lattice boltzmann\lbm\x64\debug\lbm.tlog\cl.write.1.tlog
d:\0\projects\lattice boltzmann\lbm\x64\debug\lbm.tlog\lbm.write.1u.tlog
d:\0\projects\lattice boltzmann\lbm\x64\debug\lbm.tlog\link-cvtres.read.1.tlog
d:\0\projects\lattice boltzmann\lbm\x64\debug\lbm.tlog\link-cvtres.write.1.tlog
d:\0\projects\lattice boltzmann\lbm\x64\debug\lbm.tlog\link-rc.read.1.tlog
d:\0\projects\lattice boltzmann\lbm\x64\debug\lbm.tlog\link-rc.write.1.tlog
d:\0\projects\lattice boltzmann\lbm\x64\debug\lbm.tlog\link.8376-cvtres.read.1.tlog
d:\0\projects\lattice boltzmann\lbm\x64\debug\lbm.tlog\link.8376-cvtres.write.1.tlog
d:\0\projects\lattice boltzmann\lbm\x64\debug\lbm.tlog\link.8376-rc.read.1.tlog
d:\0\projects\lattice boltzmann\lbm\x64\debug\lbm.tlog\link.8376-rc.write.1.tlog
d:\0\projects\lattice boltzmann\lbm\x64\debug\lbm.tlog\link.8376.read.1.tlog
d:\0\projects\lattice boltzmann\lbm\x64\debug\lbm.tlog\link.8376.write.1.tlog
d:\0\projects\lattice boltzmann\lbm\x64\debug\lbm.tlog\link.command.1.tlog
d:\0\projects\lattice boltzmann\lbm\x64\debug\lbm.tlog\link.read.1.tlog
d:\0\projects\lattice boltzmann\lbm\x64\debug\lbm.tlog\link.write.1.tlog
